2025-07-14 21:15:28,358 - [USER] 請問現在台灣天氣如何
2025-07-14 21:15:28,358 - [WEB]  [🔎 沒有找到明確的網路摘要]
2025-07-14 21:15:28,358 - [GPT]  抱歉，我無法提供即時的天氣資訊。不過，你可以透過天氣預報網站或應用程式來查詢台灣當前的天氣狀況，例如中央氣象局的網站或其他天氣服務平台。如果有任何其他問題或需要幫助的地方，請告訴我！
2025-07-14 21:15:28,358 - --------------------------------------------------
2025-07-14 21:16:11,075 - [USER] 請問現在台灣天氣如何
2025-07-14 21:16:11,075 - [WEB]  [🔎 沒有找到明確的網路摘要]
2025-07-14 21:16:11,087 - [GPT]  抱歉，我無法提供即時的天氣資訊。不過，你可以透過氣象局的官方網站或天氣應用程式查詢台灣的最新天氣狀況。這些平台通常會提供即時的天氣預報、溫度、降雨機率等詳情。希望這能幫助你！
2025-07-14 21:16:11,087 - --------------------------------------------------
2025-07-14 21:17:00,606 - [USER] 請問現在台灣天氣如何
2025-07-14 21:17:00,607 - [WEB]  [🔎 沒有找到明確的網路摘要]
2025-07-14 21:17:00,607 - [GPT]  抱歉，我無法提供即時的天氣資訊。建議您查詢當地的天氣預報網站或使用天氣應用程式來獲取最新的台灣天氣資訊。
2025-07-14 21:17:00,607 - --------------------------------------------------
2025-07-14 21:17:30,438 - [USER] 請問現在台灣天氣如何
2025-07-14 21:17:30,438 - [WEB]  [🔎 沒有找到明確的網路摘要]
2025-07-14 21:17:30,439 - [GPT]  抱歉，我無法提供即時的天氣資訊。不過，您可以查看當地的天氣預報網站或使用天氣應用程式來獲取最新的台灣天氣資訊。這些資源通常會提供當前溫度、降雨機率、風速等資訊。
2025-07-14 21:17:30,439 - --------------------------------------------------
2025-07-14 21:18:30,438 - [USER] 請問現在台灣天氣如何
2025-07-14 21:18:30,439 - [WEB]  [🔎 沒有找到明確的網路摘要]
2025-07-14 21:18:30,439 - [GPT]  抱歉，我無法提供即時的天氣資訊。不過，您可以查看天氣預報網站或使用天氣應用程式來獲取最新的台灣天氣資訊。通常這些資源會提供當前的溫度、降雨機率和其他相關的天氣資訊。如果您需要任何其他的幫助，請隨時告訴我！
2025-07-14 21:18:30,439 - --------------------------------------------------
2025-07-14 21:19:16,418 - [USER] 請問上一次美國總統大選誰贏了，看新聞
2025-07-14 21:19:16,418 - [WEB]  [🔎 沒有找到明確的網路摘要]
2025-07-14 21:19:16,418 - [GPT]  上一次美國總統大選是在2020年11月3日舉行的，民主黨候選人喬·拜登（Joe Biden）贏得了選舉，成為美國第46任總統。他在2021年1月20日正式就任。
2025-07-14 21:19:16,418 - --------------------------------------------------
2025-07-14 21:25:36,646 - [USER] 請問現在台灣天氣如何
2025-07-14 21:25:36,646 - [WEB]  [🔎 沒有找到明確的網路摘要]
2025-07-14 21:25:36,647 - [GPT]  抱歉，我無法提供即時的天氣資訊。建議您查詢當地的氣象網站或應用程式，例如中央氣象局，來獲取最新的天氣預報和相關資訊。
2025-07-14 21:25:36,647 - --------------------------------------------------
